<?xml version="1.0" encoding="UTF-8"?>
<testsuite xmlns:xsi="http://www.w3.org/2001/XMLSchema-instance" xsi:noNamespaceSchemaLocation="https://maven.apache.org/surefire/maven-surefire-plugin/xsd/surefire-test-report-3.0.xsd" version="3.0" name="runners.JunitRunnerTest" time="11.553" tests="2" errors="0" skipped="0" failures="0">
  <properties>
[...]
</properties>
  <testcase name="First Scenario" classname="test one" time="4.76">
    <system-out><![CDATA[
@addToCart
Scenario Outline: First Scenario                  # src/test/java/resources/featurefiles/addtocart.feature:13
  Given user is on store page                     # stepdefinitions.StorePageStepDefs.userIsOnStorePage()
  When user adds "Blue Shoes" to the cart         # stepdefinitions.StorePageStepDefs.userAddsToTheCart(java.lang.String)
  Then User see "Blue Shoes" is added in the cart # stepdefinitions.CartStepDefs.userSeeIsAddedInTheCart(java.lang.String)
]]></system-out>
    <system-err><![CDATA[SLF4J: No SLF4J providers were found.
SLF4J: Defaulting to no-operation (NOP) logger implementation
SLF4J: See https://www.slf4j.org/codes.html#noProviders for further details.
Starting ChromeDriver 111.0.5563.64 (c710e93d5b63b7095afe8c2c17df34408078439d-refs/branch-heads/5563@{#995}) on port 41316
Only local connections are allowed.
Please see https://chromedriver.chromium.org/security-considerations for suggestions on keeping ChromeDriver safe.
ChromeDriver was started successfully.
Mar 22, 2023 1:20:51 PM org.openqa.selenium.devtools.CdpVersionFinder findNearestMatch
WARNING: Unable to find an exact match for CDP version 111, so returning the closest version found: 110
]]></system-err>
  </testcase>
  <testcase name="User places order" classname="User places order" time="6.172">
    <system-out><![CDATA[
@placeOrder
Scenario Outline: User places order                                                                            # src/test/java/resources/featurefiles/placeorder.feature:13
  Given user is on store page                                                                                  # stepdefinitions.StorePageStepDefs.userIsOnStorePage()
  When User checkout a "Blue Shoes"                                                                            # stepdefinitions.StorePageStepDefs.userCheckoutA(java.lang.String)
  And User provides billing details "demo","user","879 chancery lane","florida","98432","test2224@yopmail.com" # stepdefinitions.CheckOutPageStepDefs.userProvidesBillingDetails(java.lang.String,java.lang.String,java.lang.String,java.lang.String,java.lang.String,java.lang.String)
  Then user should see order is placed successfully                                                            # stepdefinitions.ThankYouPageStepDefs.userShouldSeeOrderIsPlacedSuccessfully()
]]></system-out>
    <system-err><![CDATA[Starting ChromeDriver 111.0.5563.64 (c710e93d5b63b7095afe8c2c17df34408078439d-refs/branch-heads/5563@{#995}) on port 2740
Only local connections are allowed.
Please see https://chromedriver.chromium.org/security-considerations for suggestions on keeping ChromeDriver safe.
ChromeDriver was started successfully.
Mar 22, 2023 1:20:54 PM org.openqa.selenium.devtools.CdpVersionFinder findNearestMatch
WARNING: Unable to find an exact match for CDP version 111, so returning the closest version found: 110
]]></system-err>
  </testcase>
</testsuite>